PREFIX=/usr/local
Unpacking payload ...
Extracting _libgcc_mutex-0.1-conda_forge.tar.bz2
Extracting ca-certificates-2024.12.14-hbcca054_0.conda
Extracting ld_impl_linux-64-2.43-h712a8e2_2.conda
Extracting pybind11-abi-4-hd8ed1ab_3.tar.bz2
Extracting python_abi-3.11-5_cp311.conda
Extracting tzdata-2024b-hc8b5060_0.conda
Extracting libgomp-14.2.0-h77fa898_1.conda
Extracting _openmp_mutex-4.5-2_gnu.tar.bz2
Extracting libgcc-14.2.0-h77fa898_1.conda
Extracting c-ares-1.34.4-hb9d3cd8_0.conda
Extracting libexpat-2.6.4-h5888daf_0.conda
Extracting libgcc-ng-14.2.0-h69a702a_1.conda
Extracting liblzma-5.6.3-hb9d3cd8_1.conda
Extracting libstdcxx-14.2.0-hc0a3c3a_1.conda
Extracting libzlib-1.3.1-hb9d3cd8_2.conda
Extracting ncurses-6.5-h2d0b736_2.conda
Extracting openssl-3.4.0-h7b32b05_1.conda
Extracting reproc-14.2.5.post0-hb9d3cd8_0.conda
Extracting bzip2-1.0.8-h4bc722e_7.conda
Extracting keyutils-1.6.1-h166bdaf_0.tar.bz2
Extracting libedit-3.1.20240808-pl5321h7949ede_0.conda
Extracting libev-4.33-hd590300_2.conda
Extracting libffi-3.4.2-h7f98852_5.tar.bz2
Extracting libiconv-1.17-hd590300_2.conda
Extracting libnsl-2.0.1-hd590300_0.conda
Extracting libsqlite-3.47.2-hee588c1_0.conda
Extracting libssh2-1.11.1-hf672d98_0.conda
Extracting libstdcxx-ng-14.2.0-h4852527_1.conda
Extracting libuuid-2.38.1-h0b41bf4_0.conda
Extracting libxcrypt-4.4.36-hd590300_1.conda
Extracting lz4-c-1.10.0-h5888daf_1.conda
Extracting lzo-2.10-hd590300_1001.conda
Extracting readline-8.2-h8228510_1.conda
Extracting reproc-cpp-14.2.5.post0-h5888daf_0.conda
Extracting tk-8.6.13-noxft_h4845f30_101.conda
Extracting fmt-11.0.2-h434a139_0.conda
Extracting krb5-1.21.3-h659f571_0.conda
Extracting libnghttp2-1.64.0-h161d5f1_0.conda
Extracting libsolv-0.7.30-h3509ff9_0.conda
Extracting libxml2-2.13.5-h0d44e9d_1.conda
Extracting python-3.11.11-h9e4cc4f_1_cpython.conda
Extracting yaml-cpp-0.8.0-h59595ed_0.conda
Extracting zstd-1.5.6-ha6fb4c9_0.conda
Extracting libarchive-3.7.7-h4585015_3.conda
Extracting libcurl-8.11.1-h332b0f4_0.conda
Extracting menuinst-2.2.0-py311h38be061_0.conda
Extracting archspec-0.2.3-pyhd8ed1ab_0.conda
Extracting boltons-24.0.0-pyhd8ed1ab_1.conda
Extracting brotli-python-1.1.0-py311hfdbb021_2.conda
Extracting certifi-2024.12.14-pyhd8ed1ab_0.conda
Extracting charset-normalizer-3.4.1-pyhd8ed1ab_0.conda
Extracting colorama-0.4.6-pyhd8ed1ab_1.conda
Extracting distro-1.9.0-pyhd8ed1ab_1.conda
Extracting frozendict-2.4.6-py311h9ecbd09_0.conda
Extracting hpack-4.0.0-pyhd8ed1ab_1.conda
Extracting hyperframe-6.0.1-pyhd8ed1ab_1.conda
Extracting idna-3.10-pyhd8ed1ab_1.conda
Extracting jsonpointer-3.0.0-py311h38be061_1.conda
Extracting libmamba-1.5.12-h49b8a8d_0.conda
Extracting packaging-24.2-pyhd8ed1ab_2.conda
Extracting platformdirs-4.3.6-pyhd8ed1ab_1.conda
Extracting pluggy-1.5.0-pyhd8ed1ab_1.conda
Extracting pycosat-0.6.6-py311h9ecbd09_2.conda
Extracting pycparser-2.22-pyh29332c3_1.conda
Extracting pysocks-1.7.1-pyha55dd90_7.conda
Extracting ruamel.yaml.clib-0.2.8-py311h9ecbd09_1.conda
Extracting setuptools-65.6.3-pyhd8ed1ab_0.conda
Extracting truststore-0.10.0-pyhd8ed1ab_0.conda
Extracting wheel-0.45.1-pyhd8ed1ab_1.conda
Extracting cffi-1.17.1-py311hf29c0ef_0.conda
Extracting h2-4.1.0-pyhd8ed1ab_1.conda
Extracting jsonpatch-1.33-pyhd8ed1ab_1.conda
Extracting libmambapy-1.5.12-py311hb3373dd_0.conda
Extracting pip-24.3.1-pyh8b19718_2.conda
Extracting ruamel.yaml-0.18.10-py311h9ecbd09_0.conda
Extracting tqdm-4.67.1-pyhd8ed1ab_1.conda
Extracting zstandard-0.23.0-py311hbc35293_1.conda
Extracting conda-package-streaming-0.11.0-pyhd8ed1ab_0.conda
Extracting urllib3-2.3.0-pyhd8ed1ab_0.conda
Extracting requests-2.32.3-pyhd8ed1ab_1.conda
Extracting conda-package-handling-2.4.0-pyh7900ff3_2.conda
Extracting conda-24.11.2-py311h38be061_1.conda
Extracting conda-libmamba-solver-24.9.0-pyhd8ed1ab_0.conda
Extracting mamba-1.5.12-py311h3072747_0.conda

Installing base environment...

Transaction

  Prefix: /usr/local

  Updating specs:

   - conda-forge/linux-64::_libgcc_mutex==0.1=conda_forge[md5=d7c89558ba9fa0495403155b64376d81]
   - conda-forge/linux-64::ca-certificates==2024.12.14=hbcca054_0[md5=720523eb0d6a9b0f6120c16b2aa4e7de]
   - conda-forge/linux-64::ld_impl_linux-64==2.43=h712a8e2_2[md5=048b02e3962f066da18efe3a21b77672]
   - conda-forge/noarch::pybind11-abi==4=hd8ed1ab_3[md5=878f923dd6acc8aeb47a75da6c4098be]
   - conda-forge/linux-64::python_abi==3.11=5_cp311[md5=139a8d40c8a2f430df31048949e450de]
   - conda-forge/noarch::tzdata==2024b=hc8b5060_0[md5=8ac3367aafb1cc0a068483c580af8015]
   - conda-forge/linux-64::libgomp==14.2.0=h77fa898_1[md5=cc3573974587f12dda90d96e3e55a702]
   - conda-forge/linux-64::_openmp_mutex==4.5=2_gnu[md5=73aaf86a425cc6e73fcf236a5a46396d]
   - conda-forge/linux-64::libgcc==14.2.0=h77fa898_1[md5=3cb76c3f10d3bc7f1105b2fc9db984df]
   - conda-forge/linux-64::c-ares==1.34.4=hb9d3cd8_0[md5=e2775acf57efd5af15b8e3d1d74d72d3]
   - conda-forge/linux-64::libexpat==2.6.4=h5888daf_0[md5=db833e03127376d461e1e13e76f09b6c]
   - conda-forge/linux-64::libgcc-ng==14.2.0=h69a702a_1[md5=e39480b9ca41323497b05492a63bc35b]
   - conda-forge/linux-64::liblzma==5.6.3=hb9d3cd8_1[md5=2ecf2f1c7e4e21fcfe6423a51a992d84]
   - conda-forge/linux-64::libstdcxx==14.2.0=hc0a3c3a_1[md5=234a5554c53625688d51062645337328]
   - conda-forge/linux-64::libzlib==1.3.1=hb9d3cd8_2[md5=edb0dca6bc32e4f4789199455a1dbeb8]
   - conda-forge/linux-64::ncurses==6.5=h2d0b736_2[md5=04b34b9a40cdc48cfdab261ab176ff74]
   - conda-forge/linux-64::openssl==3.4.0=h7b32b05_1[md5=4ce6875f75469b2757a65e10a5d05e31]
   - conda-forge/linux-64::reproc==14.2.5.post0=hb9d3cd8_0[md5=69fbc0a9e42eb5fe6733d2d60d818822]
   - conda-forge/linux-64::bzip2==1.0.8=h4bc722e_7[md5=62ee74e96c5ebb0af99386de58cf9553]
   - conda-forge/linux-64::keyutils==1.6.1=h166bdaf_0[md5=30186d27e2c9fa62b45fb1476b7200e3]
   - conda-forge/linux-64::libedit==3.1.20240808=pl5321h7949ede_0[md5=8247f80f3dc464d9322e85007e307fe8]
   - conda-forge/linux-64::libev==4.33=hd590300_2[md5=172bf1cd1ff8629f2b1179945ed45055]
   - conda-forge/linux-64::libffi==3.4.2=h7f98852_5[md5=d645c6d2ac96843a2bfaccd2d62b3ac3]
   - conda-forge/linux-64::libiconv==1.17=hd590300_2[md5=d66573916ffcf376178462f1b61c941e]
   - conda-forge/linux-64::libnsl==2.0.1=hd590300_0[md5=30fd6e37fe21f86f4bd26d6ee73eeec7]
   - conda-forge/linux-64::libsqlite==3.47.2=hee588c1_0[md5=b58da17db24b6e08bcbf8fed2fb8c915]
   - conda-forge/linux-64::libssh2==1.11.1=hf672d98_0[md5=be2de152d8073ef1c01b7728475f2fe7]
   - conda-forge/linux-64::libstdcxx-ng==14.2.0=h4852527_1[md5=8371ac6457591af2cf6159439c1fd051]
   - conda-forge/linux-64::libuuid==2.38.1=h0b41bf4_0[md5=40b61aab5c7ba9ff276c41cfffe6b80b]
   - conda-forge/linux-64::libxcrypt==4.4.36=hd590300_1[md5=5aa797f8787fe7a17d1b0821485b5adc]
   - conda-forge/linux-64::lz4-c==1.10.0=h5888daf_1[md5=9de5350a85c4a20c685259b889aa6393]
   - conda-forge/linux-64::lzo==2.10=hd590300_1001[md5=ec7398d21e2651e0dcb0044d03b9a339]
   - conda-forge/linux-64::readline==8.2=h8228510_1[md5=47d31b792659ce70f470b5c82fdfb7a4]
   - conda-forge/linux-64::reproc-cpp==14.2.5.post0=h5888daf_0[md5=828302fca535f9cfeb598d5f7c204323]
   - conda-forge/linux-64::tk==8.6.13=noxft_h4845f30_101[md5=d453b98d9c83e71da0741bb0ff4d76bc]
   - conda-forge/linux-64::fmt==11.0.2=h434a139_0[md5=995f7e13598497691c1dc476d889bc04]
   - conda-forge/linux-64::krb5==1.21.3=h659f571_0[md5=3f43953b7d3fb3aaa1d0d0723d91e368]
   - conda-forge/linux-64::libnghttp2==1.64.0=h161d5f1_0[md5=19e57602824042dfd0446292ef90488b]
   - conda-forge/linux-64::libsolv==0.7.30=h3509ff9_0[md5=02539b77d25aa4f65b20246549e256c3]
   - conda-forge/linux-64::libxml2==2.13.5=h0d44e9d_1[md5=f5b05674697ae7d2c5932766695945e1]
   - conda-forge/linux-64::python==3.11.11=h9e4cc4f_1_cpython[md5=8387070aa413ce9a8cc35a509fae938b]
   - conda-forge/linux-64::yaml-cpp==0.8.0=h59595ed_0[md5=965eaacd7c18eb8361fd12bb9e7a57d7]
   - conda-forge/linux-64::zstd==1.5.6=ha6fb4c9_0[md5=4d056880988120e29d75bfff282e0f45]
   - conda-forge/linux-64::libarchive==3.7.7=h4585015_3[md5=a28808eae584c7f519943719b2a2b386]
   - conda-forge/linux-64::libcurl==8.11.1=h332b0f4_0[md5=2b3e0081006dc21e8bf53a91c83a055c]
   - conda-forge/linux-64::menuinst==2.2.0=py311h38be061_0[md5=56b688f5333037364ddf9c5cbdd4d672]
   - conda-forge/noarch::archspec==0.2.3=pyhd8ed1ab_0[md5=192278292e20704f663b9c766909d67b]
   - conda-forge/noarch::boltons==24.0.0=pyhd8ed1ab_1[md5=d88c38e66d85ecc9c7e2c4110676bbf4]
   - conda-forge/linux-64::brotli-python==1.1.0=py311hfdbb021_2[md5=d21daab070d76490cb39a8f1d1729d79]
   - conda-forge/noarch::certifi==2024.12.14=pyhd8ed1ab_0[md5=6feb87357ecd66733be3279f16a8c400]
   - conda-forge/noarch::charset-normalizer==3.4.1=pyhd8ed1ab_0[md5=e83a31202d1c0a000fce3e9cf3825875]
   - conda-forge/noarch::colorama==0.4.6=pyhd8ed1ab_1[md5=962b9857ee8e7018c22f2776ffa0b2d7]
   - conda-forge/noarch::distro==1.9.0=pyhd8ed1ab_1[md5=0a2014fd9860f8b1eaa0b1f3d3771a08]
   - conda-forge/linux-64::frozendict==2.4.6=py311h9ecbd09_0[md5=5ed089614b88920f8cc673fe3bc34558]
   - conda-forge/noarch::hpack==4.0.0=pyhd8ed1ab_1[md5=2aa5ff7fa34a81b9196532c84c10d865]
   - conda-forge/noarch::hyperframe==6.0.1=pyhd8ed1ab_1[md5=566e75c90c1d0c8c459eb0ad9833dc7a]
   - conda-forge/noarch::idna==3.10=pyhd8ed1ab_1[md5=39a4f67be3286c86d696df570b1201b7]
   - conda-forge/linux-64::jsonpointer==3.0.0=py311h38be061_1[md5=5ca76f61b00a15a9be0612d4d883badc]
   - conda-forge/linux-64::libmamba==1.5.12=h49b8a8d_0[md5=d6aec145c4f2473c09c2699d74f6dfc0]
   - conda-forge/noarch::packaging==24.2=pyhd8ed1ab_2[md5=3bfed7e6228ebf2f7b9eaa47f1b4e2aa]
   - conda-forge/noarch::platformdirs==4.3.6=pyhd8ed1ab_1[md5=577852c7e53901ddccc7e6a9959ddebe]
   - conda-forge/noarch::pluggy==1.5.0=pyhd8ed1ab_1[md5=e9dcbce5f45f9ee500e728ae58b605b6]
   - conda-forge/linux-64::pycosat==0.6.6=py311h9ecbd09_2[md5=65a6d37c5a2868d5605cf2df3ea0236e]
   - conda-forge/noarch::pycparser==2.22=pyh29332c3_1[md5=12c566707c80111f9799308d9e265aef]
   - conda-forge/noarch::pysocks==1.7.1=pyha55dd90_7[md5=461219d1a5bd61342293efa2c0c90eac]
   - conda-forge/linux-64::ruamel.yaml.clib==0.2.8=py311h9ecbd09_1[md5=e56869fca385961323e43783b89bef66]
   - conda-forge/noarch::setuptools==65.6.3=pyhd8ed1ab_0[md5=9600fc9524d3f821e6a6d58c52f5bf5a]
   - conda-forge/noarch::truststore==0.10.0=pyhd8ed1ab_0[md5=ad1c20cd193e3044bcf17798c33b9d67]
   - conda-forge/noarch::wheel==0.45.1=pyhd8ed1ab_1[md5=75cb7132eb58d97896e173ef12ac9986]
   - conda-forge/linux-64::cffi==1.17.1=py311hf29c0ef_0[md5=55553ecd5328336368db611f350b7039]
   - conda-forge/noarch::h2==4.1.0=pyhd8ed1ab_1[md5=825927dc7b0f287ef8d4d0011bb113b1]
   - conda-forge/noarch::jsonpatch==1.33=pyhd8ed1ab_1[md5=cb60ae9cf02b9fcb8004dec4089e5691]
   - conda-forge/linux-64::libmambapy==1.5.12=py311hb3373dd_0[md5=47fb74d72998e00565428ccdcafc97cb]
   - conda-forge/noarch::pip==24.3.1=pyh8b19718_2[md5=04e691b9fadd93a8a9fad87a81d4fd8f]
   - conda-forge/linux-64::ruamel.yaml==0.18.10=py311h9ecbd09_0[md5=a3188715e28c25f1404b84c702e6fdf4]
   - conda-forge/noarch::tqdm==4.67.1=pyhd8ed1ab_1[md5=9efbfdc37242619130ea42b1cc4ed861]
   - conda-forge/linux-64::zstandard==0.23.0=py311hbc35293_1[md5=aec590674ba365e50ae83aa2d6e1efae]
   - conda-forge/noarch::conda-package-streaming==0.11.0=pyhd8ed1ab_0[md5=bc9533d8616a97551ed144789bf9c1cd]
   - conda-forge/noarch::urllib3==2.3.0=pyhd8ed1ab_0[md5=32674f8dbfb7b26410ed580dd3c10a29]
   - conda-forge/noarch::requests==2.32.3=pyhd8ed1ab_1[md5=a9b9368f3701a417eac9edbcae7cb737]
   - conda-forge/noarch::conda-package-handling==2.4.0=pyh7900ff3_2[md5=32c158f481b4fd7630c565030f7bc482]
   - conda-forge/linux-64::conda==24.11.2=py311h38be061_1[md5=665bae7596e3f4131355ef85e30b8106]
   - conda-forge/noarch::conda-libmamba-solver==24.9.0=pyhd8ed1ab_0[md5=45378d089c5f72c9c0d63d58414c645d]
   - conda-forge/linux-64::mamba==1.5.12=py311h3072747_0[md5=d681a3fbf59b09439d72955897d7fc76]


  Package                         Version  Build               Channel         Size
─────────────────────────────────────────────────────────────────────────────────────
  Install:
─────────────────────────────────────────────────────────────────────────────────────

  + _libgcc_mutex                     0.1  conda_forge         conda-forge         
  + ca-certificates            2024.12.14  hbcca054_0          conda-forge         
  + ld_impl_linux-64                 2.43  h712a8e2_2          conda-forge         
  + pybind11-abi                        4  hd8ed1ab_3          conda-forge         
  + python_abi                       3.11  5_cp311             conda-forge         
  + tzdata                          2024b  hc8b5060_0          conda-forge         
  + libgomp                        14.2.0  h77fa898_1          conda-forge         
  + _openmp_mutex                     4.5  2_gnu               conda-forge         
  + libgcc                         14.2.0  h77fa898_1          conda-forge         
  + c-ares                         1.34.4  hb9d3cd8_0          conda-forge         
  + libexpat                        2.6.4  h5888daf_0          conda-forge         
  + libgcc-ng                      14.2.0  h69a702a_1          conda-forge         
  + liblzma                         5.6.3  hb9d3cd8_1          conda-forge         
  + libstdcxx                      14.2.0  hc0a3c3a_1          conda-forge         
  + libzlib                         1.3.1  hb9d3cd8_2          conda-forge         
  + ncurses                           6.5  h2d0b736_2          conda-forge         
  + openssl                         3.4.0  h7b32b05_1          conda-forge         
  + reproc                   14.2.5.post0  hb9d3cd8_0          conda-forge         
  + bzip2                           1.0.8  h4bc722e_7          conda-forge         
  + keyutils                        1.6.1  h166bdaf_0          conda-forge         
  + libedit                  3.1.20240808  pl5321h7949ede_0    conda-forge         
  + libev                            4.33  hd590300_2          conda-forge         
  + libffi                          3.4.2  h7f98852_5          conda-forge         
  + libiconv                         1.17  hd590300_2          conda-forge         
  + libnsl                          2.0.1  hd590300_0          conda-forge         
  + libsqlite                      3.47.2  hee588c1_0          conda-forge         
  + libssh2                        1.11.1  hf672d98_0          conda-forge         
  + libstdcxx-ng                   14.2.0  h4852527_1          conda-forge         
  + libuuid                        2.38.1  h0b41bf4_0          conda-forge         
  + libxcrypt                      4.4.36  hd590300_1          conda-forge         
  + lz4-c                          1.10.0  h5888daf_1          conda-forge         
  + lzo                              2.10  hd590300_1001       conda-forge         
  + readline                          8.2  h8228510_1          conda-forge         
  + reproc-cpp               14.2.5.post0  h5888daf_0          conda-forge         
  + tk                             8.6.13  noxft_h4845f30_101  conda-forge         
  + fmt                            11.0.2  h434a139_0          conda-forge         
  + krb5                           1.21.3  h659f571_0          conda-forge         
  + libnghttp2                     1.64.0  h161d5f1_0          conda-forge         
  + libsolv                        0.7.30  h3509ff9_0          conda-forge         
  + libxml2                        2.13.5  h0d44e9d_1          conda-forge         
  + python                        3.11.11  h9e4cc4f_1_cpython  conda-forge         
  + yaml-cpp                        0.8.0  h59595ed_0          conda-forge         
  + zstd                            1.5.6  ha6fb4c9_0          conda-forge         
  + libarchive                      3.7.7  h4585015_3          conda-forge         
  + libcurl                        8.11.1  h332b0f4_0          conda-forge         
  + menuinst                        2.2.0  py311h38be061_0     conda-forge         
  + archspec                        0.2.3  pyhd8ed1ab_0        conda-forge         
  + boltons                        24.0.0  pyhd8ed1ab_1        conda-forge         
  + brotli-python                   1.1.0  py311hfdbb021_2     conda-forge         
  + certifi                    2024.12.14  pyhd8ed1ab_0        conda-forge         
  + charset-normalizer              3.4.1  pyhd8ed1ab_0        conda-forge         
  + colorama                        0.4.6  pyhd8ed1ab_1        conda-forge         
  + distro                          1.9.0  pyhd8ed1ab_1        conda-forge         
  + frozendict                      2.4.6  py311h9ecbd09_0     conda-forge         
  + hpack                           4.0.0  pyhd8ed1ab_1        conda-forge         
  + hyperframe                      6.0.1  pyhd8ed1ab_1        conda-forge         
  + idna                             3.10  pyhd8ed1ab_1        conda-forge         
  + jsonpointer                     3.0.0  py311h38be061_1     conda-forge         
  + libmamba                       1.5.12  h49b8a8d_0          conda-forge         
  + packaging                        24.2  pyhd8ed1ab_2        conda-forge         
  + platformdirs                    4.3.6  pyhd8ed1ab_1        conda-forge         
  + pluggy                          1.5.0  pyhd8ed1ab_1        conda-forge         
  + pycosat                         0.6.6  py311h9ecbd09_2     conda-forge         
  + pycparser                        2.22  pyh29332c3_1        conda-forge         
  + pysocks                         1.7.1  pyha55dd90_7        conda-forge         
  + ruamel.yaml.clib                0.2.8  py311h9ecbd09_1     conda-forge         
  + setuptools                     65.6.3  pyhd8ed1ab_0        conda-forge         
  + truststore                     0.10.0  pyhd8ed1ab_0        conda-forge         
  + wheel                          0.45.1  pyhd8ed1ab_1        conda-forge         
  + cffi                           1.17.1  py311hf29c0ef_0     conda-forge         
  + h2                              4.1.0  pyhd8ed1ab_1        conda-forge         
  + jsonpatch                        1.33  pyhd8ed1ab_1        conda-forge         
  + libmambapy                     1.5.12  py311hb3373dd_0     conda-forge         
  + pip                            24.3.1  pyh8b19718_2        conda-forge         
  + ruamel.yaml                   0.18.10  py311h9ecbd09_0     conda-forge         
  + tqdm                           4.67.1  pyhd8ed1ab_1        conda-forge         
  + zstandard                      0.23.0  py311hbc35293_1     conda-forge         
  + conda-package-streaming        0.11.0  pyhd8ed1ab_0        conda-forge         
  + urllib3                         2.3.0  pyhd8ed1ab_0        conda-forge         
  + requests                       2.32.3  pyhd8ed1ab_1        conda-forge         
  + conda-package-handling          2.4.0  pyh7900ff3_2        conda-forge         
  + conda                         24.11.2  py311h38be061_1     conda-forge         
  + conda-libmamba-solver          24.9.0  pyhd8ed1ab_0        conda-forge         
  + mamba                          1.5.12  py311h3072747_0     conda-forge         

  Summary:

  Install: 84 packages

  Total download: 0 B

─────────────────────────────────────────────────────────────────────────────────────



Transaction starting
warning  libmamba [python-3.11.11-h9e4cc4f_1_cpython] The following files were already present in the environment:
    - bin/python
warning  libmamba [charset-normalizer-3.4.1-pyhd8ed1ab_0] The following files were already present in the environment:
    - bin/normalizer
warning  libmamba [distro-1.9.0-pyhd8ed1ab_1] The following files were already present in the environment:
    - bin/distro
warning  libmamba [jsonpointer-3.0.0-py311h38be061_1] The following files were already present in the environment:
    - bin/jsonpointer
warning  libmamba [wheel-0.45.1-pyhd8ed1ab_1] The following files were already present in the environment:
    - bin/wheel
warning  libmamba [jsonpatch-1.33-pyhd8ed1ab_1] The following files were already present in the environment:
    - bin/jsondiff
    - bin/jsonpatch
warning  libmamba [pip-24.3.1-pyh8b19718_2] The following files were already present in the environment:
    - bin/pip
    - bin/pip3
warning  libmamba [tqdm-4.67.1-pyhd8ed1ab_1] The following files were already present in the environment:
    - bin/tqdm

Transaction finished

To activate this environment, use:

    micromamba activate /usr/local

Or to execute a single command in this environment, use:

    micromamba run -p /usr/local mycommand

installation finished.
WARNING:
    You currently have a PYTHONPATH environment variable set. This may cause
    unexpected behavior when running the Python interpreter in Miniforge3-colab.
    For best results, please verify that your PYTHONPATH only points to
    directories of packages that are compatible with the Python interpreter
    in Miniforge3-colab: /usr/local
